<?xml version="1.0" encoding="UTF-8"?>
<testsuite errors="0" failures="5" name="Подача объявлений неавторизированным пользователем - Недвижимость -&gt; Вторичный рынок (Москва)" skipped="0" tests="5" time="91.864227">
<testcase classname="Подача объявлений неавторизированным пользователем - Недвижимость -&gt; Вторичный рынок (Москва)" name="Подача объявления неавторизированным пользователем" time="48.334677">
  <failure message="failed Подача объявления неавторизированным пользователем" type="failed">
    <![CDATA[Сценарий: Подача объявления неавторизированным пользователем

Когда открыта страница для города "Москва"
Когда я вхожу под пользователем с ролью "Доверенный интернет-партнер"
* я перехожу в список моих объявлений
* в ЛК ИП я запоминаю значение счетчика для категории "Недвижимость -> Квартиры. Продажа -> Вторичный рынок"
* я запоминаю количество объявлений пользователя
* я запоминаю количество активных объявлений ИП
Когда я выхожу из текущего пользователя
* я перехожу к подаче объявления
* я подаю объявление в категорию "Недвижимость -> Квартиры. Продажа -> Вторичный рынок"
* я ввожу следующие данные на шаге 2:
* я ввожу следующие данные на шаге 2 в секции "Подробнее о здании":
* я ввожу следующие данные на шаге 2 в секции "Подробнее о квартире":
* я перехожу на шаг 3
* на шаге 2 я ввожу логин и пароль роли "Доверенный интернет-партнер"
То в ЛК ИП открыт список объявлений пользователя
* в ЛК ИП объявление с названием "1-комн.  квартира,  Интернациональная ул,  10, 4/8, площадь:  общая 80 кв. м., жилая 50 кв. м., кухня 20 кв. м., с/у раздельный, типовой, балкон/лоджия, городской телефон, приватизированная" присутствует в списке
* в ЛК ИП счетчик для категории "Недвижимость -> Квартиры. Продажа -> Вторичный рынок" увеличился на 1
* счетчик объявлений пользователя увеличился на 1
* счетчик объявлений ИП во всех разделах увеличился на 1
* счетчик количества размещенных объявлений в ЛК ИП увеличился на 1
* в ЛК ИП объявление с названием "1-комн.  квартира,  Интернациональная ул,  10, 4/8, площадь:  общая 80 кв. м., жилая 50 кв. м., кухня 20 кв. м., с/у раздельный, типовой, балкон/лоджия, городской телефон, приватизированная" присутствует в списке
Когда я открываю детали этого объявления
* счетчик количества активных объявлений продавца увеличился на 1

Message:
]]>
    <![CDATA[Ошибка на шаге 3:
Пожалуйста, заполните
все обязательные поля
(они отмечены звездочками) (RuntimeError)
./features/step_definitions/add_advert_steps.rb:45:in `block (2 levels) in <top (required)>'
./features/step_definitions/add_advert_steps.rb:38:in `/^я\ перехожу\ на\ шаг\ 3$/'
features/new_advert/real_estate/moscow/unauthorized.feature:55:in `* я перехожу на шаг 3']]>
  </failure>
  <system-out/>
  <system-err/>
</testcase>
<testcase classname="Подача объявлений неавторизированным пользователем - Недвижимость -&gt; Вторичный рынок (Москва)" name="Проверка деталей поданного объявления" time="9.260158">
  <failure message="failed Проверка деталей поданного объявления" type="failed">
    <![CDATA[Сценарий: Проверка деталей поданного объявления

Когда открыта страница для города "Москва"
Когда я вхожу под пользователем с ролью "Доверенный интернет-партнер"
* я перехожу в список моих объявлений
То в ЛК ИП объявление с названием "1-комн.  квартира,  Интернациональная ул,  10, 4/8, площадь:  общая 80 кв. м., жилая 50 кв. м., кухня 20 кв. м., с/у раздельный, типовой, балкон/лоджия, городской телефон, приватизированная" присутствует в списке
* у объявления указан город "Москва"
* у объявления указана цена "100000" в долларах
Когда я открываю детали этого объявления
То на вкладке "Все" "Год постройки" равно "2003 г."
* на вкладке "Все" "Серия здания" равно "КОПЭ"
* на вкладке "Все" "Материал стен" равно "кирпичный"
* на вкладке "Все" "Высота потолков" равно "3 м"
* на вкладке "Все" "Система водоснабжения" равно "центральная"
* на вкладке "Все" "Система отопления" равно "центральная"
* на вкладке "Все" присутствует "Газ в доме"
* на вкладке "Все" присутствует "Лифты в здании"
* на вкладке "Все" присутствует "Мусоропровод"
* на вкладке "Все" присутствует "Охрана здания"
* на вкладке "Все" "Жилая площадь" равно "50 кв. м"
* на вкладке "Все" "Площадь кухни" равно "20 кв. м"
* на вкладке "Все" "Ремонт" равно "типовой"
* на вкладке "Все" "Санузел" равно "раздельный"
* на вкладке "Все" присутствует "Телефон"
* на вкладке "Все" присутствует "Интернет"
* на вкладке "Все" присутствует "Балкон/Лоджия"
* на вкладке "Все" присутствует "Приватизированная квартира"
* на вкладке "Все" "Комнат в квартире" равно "1"
* на вкладке "Все" "Общая площадь" равно "80 кв. м"
* на вкладке "Все" "Этаж" равно "4"
* на вкладке "Все" "Этажей в здании" равно "8"
Когда на странице объявления я открываю вкладку "На карте"
То на странице объявления открыта карта

Message:
]]>
    <![CDATA[Объявление с заголовком '1-комн.  квартира,  Интернациональная ул,  10, 4/8, площадь:  общая 80 кв. м., жилая 50 кв. м., кухня 20 кв. м., с/у раздельный, типовой, балкон/лоджия, городской телефон, приватизированная' не найдено (RuntimeError)
./lib/pages/my_adverts/my_adverts_page.rb:37:in `has_ad_with_title'
./lib/pages/my_adverts/my_adverts_page.rb:75:in `get_url_for_ad'
./features/step_definitions/my_adverts_steps.rb:13:in `block (2 levels) in <top (required)>'
./features/step_definitions/my_adverts_steps.rb:12:in `/^в ЛК (ИП|ОП) объявление с названием "(.*)" присутствует в списке$/'
features/new_advert/real_estate/moscow/unauthorized.feature:72:in `То в ЛК ИП объявление с названием "1-комн.  квартира,  Интернациональная ул,  10, 4/8, площадь:  общая 80 кв. м., жилая 50 кв. м., кухня 20 кв. м., с/у раздельный, типовой, балкон/лоджия, городской телефон, приватизированная" присутствует в списке']]>
  </failure>
  <system-out/>
  <system-err/>
</testcase>
<testcase classname="Подача объявлений неавторизированным пользователем - Недвижимость -&gt; Вторичный рынок (Москва)" name="Проверка индексации" time="10.670994">
  <failure message="failed Проверка индексации" type="failed">
    <![CDATA[Сценарий: Проверка индексации

Когда открыта страница для города "Москва"
Когда на главной странице я перехожу в категорию "Недвижимость -> Квартиры. Продажа -> Вторичный рынок"
* я делаю поиск по следующим параметрам:
* на странице поиска загружен список результатов для недвижимости
* в списке обычных объявлений присутствует объявление "1 комн, 80/50/20 м2, этаж 4/8"

Message:
]]>
    <![CDATA[Объявление '1 комн, 80/50/20 м2, этаж 4/8' отсутствует в листинге (RSpec::Expectations::ExpectationNotMetError)
./features/step_definitions/search_results_steps.rb:360:in `block (2 levels) in <top (required)>'
./features/step_definitions/search_results_steps.rb:358:in `/^в\ списке\ обычных\ объявлений\ присутствует\ объявление\ "(.*)"$/'
features/new_advert/real_estate/moscow/unauthorized.feature:110:in `* в списке обычных объявлений присутствует объявление "1 комн, 80/50/20 м2, этаж 4/8"']]>
  </failure>
  <system-out/>
  <system-err/>
</testcase>
<testcase classname="Подача объявлений неавторизированным пользователем - Недвижимость -&gt; Вторичный рынок (Москва)" name="Проверка индексации - поиск по метро" time="13.093308">
  <failure message="failed Проверка индексации - поиск по метро" type="failed">
    <![CDATA[Сценарий: Проверка индексации - поиск по метро

Когда открыта страница для города "Москва"
Когда на главной странице я перехожу в категорию "Недвижимость -> Квартиры. Продажа -> Вторичный рынок"
* я делаю поиск по следующим параметрам:
* на странице поиска загружен список результатов для недвижимости
* в списке обычных объявлений присутствует объявление "1 комн, 80/50/20 м2, этаж 4/8"

Message:
]]>
    <![CDATA[Объявление '1 комн, 80/50/20 м2, этаж 4/8' отсутствует в листинге (RSpec::Expectations::ExpectationNotMetError)
./features/step_definitions/search_results_steps.rb:360:in `block (2 levels) in <top (required)>'
./features/step_definitions/search_results_steps.rb:358:in `/^в\ списке\ обычных\ объявлений\ присутствует\ объявление\ "(.*)"$/'
features/new_advert/real_estate/moscow/unauthorized.feature:120:in `* в списке обычных объявлений присутствует объявление "1 комн, 80/50/20 м2, этаж 4/8"']]>
  </failure>
  <system-out/>
  <system-err/>
</testcase>
<testcase classname="Подача объявлений неавторизированным пользователем - Недвижимость -&gt; Вторичный рынок (Москва)" name="Проверка индексации - поиск по метро и времени до метро" time="10.505090">
  <failure message="failed Проверка индексации - поиск по метро и времени до метро" type="failed">
    <![CDATA[Сценарий: Проверка индексации - поиск по метро и времени до метро

Когда открыта страница для города "Москва"
Когда на главной странице я перехожу в категорию "Недвижимость -> Квартиры. Продажа -> Вторичный рынок"
* я делаю поиск по следующим параметрам:
* на странице поиска загружен список результатов для недвижимости
* в списке обычных объявлений присутствует объявление "1 комн, 80/50/20 м2, этаж 4/8"

Message:
]]>
    <![CDATA[undefined method `size' for nil:NilClass (NoMethodError)
./lib/pages/search_results_for_real_estate_page.rb:21:in `search_results'
./features/step_definitions/search_results_steps.rb:13:in `block (2 levels) in <top (required)>'
./features/step_definitions/search_results_steps.rb:11:in `/^на\ странице\ поиска\ загружен\ список\ результатов\ для\ недвижимости$/'
features/new_advert/real_estate/moscow/unauthorized.feature:130:in `* на странице поиска загружен список результатов для недвижимости']]>
  </failure>
  <system-out/>
  <system-err/>
</testcase>
  <system-out>
    <![CDATA[]]>
  </system-out>
  <system-err>
    <![CDATA[]]>
  </system-err>
</testsuite>
