<?xml version="1.0" encoding="UTF-8"?>
<testsuite errors="0" failures="0" name="Смена статуса объявления на премиум - Авто и мото -&gt; Легковые автомобили -&gt; Автомобили с пробегом" skipped="0" tests="1" time="142.659685">
<testcase classname="Смена статуса объявления на премиум - Авто и мото -&gt; Легковые автомобили -&gt; Автомобили с пробегом" name="Подача объявления" time="142.659685">
  <system-out/>
  <system-err/>
</testcase>
  <system-out>
    <![CDATA[]]>
  </system-out>
  <system-err>
    <![CDATA[]]>
  </system-err>
</testsuite>
