<?xml version="1.0" encoding="UTF-8"?>
<testsuite errors="0" failures="2" name="Смена статуса объявления на премиум - Недвижимость -&gt; Вторичный рынок (Москва)" skipped="0" tests="2" time="68.212059">
<testcase classname="Смена статуса объявления на премиум - Недвижимость -&gt; Вторичный рынок (Москва)" name="Проверка деталей поданного объявления" time="48.422654">
  <failure message="failed Проверка деталей поданного объявления" type="failed">
    <![CDATA[Сценарий: Проверка деталей поданного объявления

Когда открыта страница для города "Москва"
Когда я вхожу под пользователем с ролью "Доверенный интернет-партнер"
* я перехожу в список моих объявлений
* в ЛК ИП я выбираю пакет "NEW Недвижимость | ВСЕ РЕГИОНЫ"
То в ЛК ИП объявление с названием "4-комн. квартира, Интернациональная улица, 10, 4/8 общая 400 кв. м., приватизированная" присутствует в списке
Когда в ЛК ИП я запоминаю значение счетчика для категории "Недвижимость -> Квартиры. Продажа -> Вторичный рынок"
* я запоминаю количество объявлений пользователя
* я запоминаю количество активных объявлений ИП
* в ЛК ИП я запоминаю значение поля "Премиум"
* я делаю данное объявление премиумом на 14 дней
То в ЛК ИП значение поля "Премиум" уменьшилось на единицу
* в ЛК ИП счетчик для категории "Недвижимость -> Квартиры. Продажа -> Вторичный рынок" не изменился
* счетчик объявлений пользователя не изменился
* счетчик объявлений ИП во всех разделах не изменился
* счетчик количества размещенных объявлений в ЛК ИП не изменился
Когда я открываю детали этого объявления
* на странице объявления я открываю вкладку "На карте"
То на странице объявления открыта карта

Message:
]]>
    <![CDATA[timed out after 5 seconds, waiting for {:xpath=>"//div[contains(.,'Премиум')]/strong", :tag_name=>"strong"} to become present (Watir::Wait::TimeoutError)
./lib/pages/my_adverts/package_info_page.rb:21:in `get_field_value'
./features/step_definitions/my_adverts_steps.rb:280:in `block (2 levels) in <top (required)>'
./features/step_definitions/my_adverts_steps.rb:279:in `/^в\ ЛК\ ИП\ значение\ поля\ "(.*)"\ уменьшилось\ на\ единицу$/'
features/new_advert/real_estate/moscow/advert_change_to_premium.feature:55:in `То в ЛК ИП значение поля "Премиум" уменьшилось на единицу']]>
  </failure>
  <system-out/>
  <system-err/>
</testcase>
<testcase classname="Смена статуса объявления на премиум - Недвижимость -&gt; Вторичный рынок (Москва)" name="Проверка индексации" time="19.789405">
  <failure message="failed Проверка индексации" type="failed">
    <![CDATA[Сценарий: Проверка индексации

Когда открыта страница для города "Москва"
Когда на главной странице я перехожу в категорию "Недвижимость -> Квартиры. Продажа -> Вторичный рынок"
* я делаю поиск по следующим параметрам:
* на странице поиска загружен список результатов для недвижимости
* в списке премиумов присутствует объявление "4 комн, 400 м2, этаж 4/8"

Message:
]]>
    <![CDATA[Объявление '4 комн, 400 м2, этаж 4/8' отсутствует в листинге (RSpec::Expectations::ExpectationNotMetError)
./features/step_definitions/search_results_steps.rb:383:in `block (2 levels) in <top (required)>'
./features/step_definitions/search_results_steps.rb:381:in `/^в\ списке\ премиумов\ присутствует\ объявление\ "(.*)"$/'
features/new_advert/real_estate/moscow/advert_change_to_premium.feature:72:in `* в списке премиумов присутствует объявление "4 комн, 400 м2, этаж 4/8"']]>
  </failure>
  <system-out/>
  <system-err/>
</testcase>
  <system-out>
    <![CDATA[Переключатель пакетов отсутствует
]]>
  </system-out>
  <system-err>
    <![CDATA[]]>
  </system-err>
</testsuite>
