<?xml version="1.0" encoding="UTF-8"?>
<testsuite errors="0" failures="0" name="Подача объявления с видео - Авто и мото -&gt; Легковые автомобили -&gt; Автомобили с пробегом" skipped="0" tests="3" time="122.715288">
<testcase classname="Подача объявления с видео - Авто и мото -&gt; Легковые автомобили -&gt; Автомобили с пробегом" name="Подача объявления с видео" time="75.931411">
  <system-out/>
  <system-err/>
</testcase>
<testcase classname="Подача объявления с видео - Авто и мото -&gt; Легковые автомобили -&gt; Автомобили с пробегом" name="Проверка деталей поданного объявления" time="37.651326">
  <system-out/>
  <system-err/>
</testcase>
<testcase classname="Подача объявления с видео - Авто и мото -&gt; Легковые автомобили -&gt; Автомобили с пробегом" name="Проверка индексации" time="9.132551">
  <system-out/>
  <system-err/>
</testcase>
  <system-out>
    <![CDATA[DEBUG: Вставляем видео http://youtu.be/I1qHVVbYG8Y
]]>
  </system-out>
  <system-err>
    <![CDATA[]]>
  </system-err>
</testsuite>
