<?xml version="1.0" encoding="UTF-8"?>
<testsuite errors="0" failures="3" name="Поднятие объявления - Недвижимость -&gt; Вторичный рынок (Москва)" skipped="0" tests="3" time="69.070965">
<testcase classname="Поднятие объявления - Недвижимость -&gt; Вторичный рынок (Москва)" name="Поднятие объявления" time="37.681506">
  <failure message="failed Поднятие объявления" type="failed">
    <![CDATA[Сценарий: Поднятие объявления

Когда открыта страница для города "Москва"
Когда я вхожу под пользователем с ролью "Доверенный интернет-партнер"
* я перехожу в список моих объявлений
То в ЛК ИП я запоминаю значение счетчика для категории "Недвижимость -> Квартиры. Продажа -> Вторичный рынок"
* я запоминаю количество объявлений пользователя
* я запоминаю количество активных объявлений ИП
Когда я подаю объявление в категорию "Недвижимость -> Квартиры. Продажа -> Вторичный рынок" с параметрами:
* я перехожу на шаг 3
То в ЛК ИП открыт список объявлений пользователя
* в ЛК ИП объявление с названием "7-комн.  квартира,  Интернациональная ул,  10, 7, площадь:  общая 700 кв. м., приватизированная" присутствует в списке
* в ЛК ИП счетчик для категории "Недвижимость -> Квартиры. Продажа -> Вторичный рынок" увеличился на 1
* счетчик объявлений пользователя увеличился на 1
* счетчик объявлений ИП во всех разделах увеличился на 1
* счетчик количества размещенных объявлений в ЛК ИП увеличился на 1
* в ЛК ИП объявление с названием "7-комн.  квартира,  Интернациональная ул,  10, 7, площадь:  общая 700 кв. м., приватизированная" присутствует в списке
Когда я открываю детали этого объявления
* счетчик количества активных объявлений продавца увеличился на 1

Message:
]]>
    <![CDATA[Ошибка установки параметра До метро = '5':
unable to locate element, using {:text=>/До метро/, :class=>"b-form-LK_control-label", :tag_name=>"label"} (RuntimeError)
./lib/pages/add_adverts/add_advert_step_2_page.rb:156:in `rescue in set_parameter'
./lib/pages/add_adverts/add_advert_step_2_page.rb:116:in `set_parameter'
./features/step_definitions/add_advert_steps.rb:19:in `block (3 levels) in <top (required)>'
./features/step_definitions/add_advert_steps.rb:18:in `each'
./features/step_definitions/add_advert_steps.rb:18:in `block (2 levels) in <top (required)>'
./features/step_definitions/add_advert_steps.rb:17:in `/^я\ подаю\ объявление\ в\ категорию\ "(.*)"\ с\ параметрами:$/'
features/new_advert/real_estate/moscow/advert_push.feature:16:in `Когда я подаю объявление в категорию "Недвижимость -> Квартиры. Продажа -> Вторичный рынок" с параметрами:']]>
  </failure>
  <system-out/>
  <system-err/>
</testcase>
<testcase classname="Поднятие объявления - Недвижимость -&gt; Вторичный рынок (Москва)" name="Проверка деталей поданного объявления" time="13.936972">
  <failure message="failed Проверка деталей поданного объявления" type="failed">
    <![CDATA[Сценарий: Проверка деталей поданного объявления

Когда открыта страница для города "Москва"
Когда я вхожу под пользователем с ролью "Доверенный интернет-партнер"
* я перехожу в список моих объявлений
* в ЛК ИП я выбираю пакет "NEW Недвижимость | ВСЕ РЕГИОНЫ"
* в ЛК ИП объявление с названием "7-комн.  квартира,  Интернациональная ул,  10, 7, площадь:  общая 700 кв. м., приватизированная" присутствует в списке
Когда в ЛК ИП я запоминаю значение счетчика для категории "Недвижимость -> Квартиры. Продажа -> Вторичный рынок"
* я запоминаю количество объявлений пользователя
* я запоминаю количество активных объявлений ИП
* в ЛК ИП я запоминаю значение поля "Поднятие"
* в ЛК ИП я запоминаю время создания объявления
* я поднимаю данное объявление
То в ЛК ИП значение поля "Поднятие" уменьшилось на единицу
* в ЛК ИП время создания объявления обновлено
* в ЛК ИП счетчик для категории "Недвижимость -> Квартиры. Продажа -> Вторичный рынок" не изменился
* счетчик объявлений пользователя не изменился
* счетчик объявлений ИП во всех разделах не изменился
* счетчик количества размещенных объявлений в ЛК ИП не изменился
Когда я открываю детали этого объявления
* на странице объявления я открываю вкладку "На карте"
То на странице объявления открыта карта

Message:
]]>
    <![CDATA[Объявление с заголовком '7-комн.  квартира,  Интернациональная ул,  10, 7, площадь:  общая 700 кв. м., приватизированная' не найдено (RuntimeError)
./lib/pages/my_adverts/my_adverts_page.rb:37:in `has_ad_with_title'
./lib/pages/my_adverts/my_adverts_page.rb:75:in `get_url_for_ad'
./features/step_definitions/my_adverts_steps.rb:13:in `block (2 levels) in <top (required)>'
./features/step_definitions/my_adverts_steps.rb:12:in `/^в ЛК (ИП|ОП) объявление с названием "(.*)" присутствует в списке$/'
features/new_advert/real_estate/moscow/advert_push.feature:48:in `* в ЛК ИП объявление с названием "7-комн.  квартира,  Интернациональная ул,  10, 7, площадь:  общая 700 кв. м., приватизированная" присутствует в списке']]>
  </failure>
  <system-out/>
  <system-err/>
</testcase>
<testcase classname="Поднятие объявления - Недвижимость -&gt; Вторичный рынок (Москва)" name="Проверка индексации" time="17.452487">
  <failure message="failed Проверка индексации" type="failed">
    <![CDATA[Сценарий: Проверка индексации

Когда открыта страница для города "Москва"
Когда на главной странице я перехожу в категорию "Недвижимость -> Квартиры. Продажа -> Вторичный рынок"
* я делаю поиск по следующим параметрам:
* на странице поиска загружен список результатов для недвижимости
* в списке обычных объявлений присутствует объявление "7 комн, 700 м2, этаж 7"

Message:
]]>
    <![CDATA[Объявление '7 комн, 700 м2, этаж 7' отсутствует в листинге (RSpec::Expectations::ExpectationNotMetError)
./features/step_definitions/search_results_steps.rb:360:in `block (2 levels) in <top (required)>'
./features/step_definitions/search_results_steps.rb:358:in `/^в\ списке\ обычных\ объявлений\ присутствует\ объявление\ "(.*)"$/'
features/new_advert/real_estate/moscow/advert_push.feature:74:in `* в списке обычных объявлений присутствует объявление "7 комн, 700 м2, этаж 7"']]>
  </failure>
  <system-out/>
  <system-err/>
</testcase>
  <system-out>
    <![CDATA[]]>
  </system-out>
  <system-err>
    <![CDATA[]]>
  </system-err>
</testsuite>
