<?xml version="1.0" encoding="UTF-8"?>
<testsuite errors="0" failures="3" name="Подача объявления с видео - Недвижимость -&gt; Вторичный рынок (Москва)" skipped="0" tests="3" time="55.469152">
<testcase classname="Подача объявления с видео - Недвижимость -&gt; Вторичный рынок (Москва)" name="Подача объявления с видео" time="38.725720">
  <failure message="failed Подача объявления с видео" type="failed">
    <![CDATA[Сценарий: Подача объявления с видео

Когда открыта страница для города "Москва"
Когда я вхожу под пользователем с ролью "Доверенный интернет-партнер"
* я перехожу в список моих объявлений
То в ЛК ИП я запоминаю значение счетчика для категории "Недвижимость -> Квартиры. Аренда"
* я запоминаю количество объявлений пользователя
* я запоминаю количество активных объявлений ИП
Когда я подаю объявление в категорию "Недвижимость -> Квартиры. Аренда" с параметрами:
* я загружаю видео на шаге 2
* я перехожу на шаг 3
То в ЛК ИП открыт список объявлений пользователя
* в ЛК ИП объявление с названием "6-комн.  квартира,  Интернациональная ул,  10, 6/6, площадь:  общая 600 кв. м., приватизированная" присутствует в списке
* в ЛК ИП счетчик для категории "Недвижимость -> Квартиры. Аренда" увеличился на 1
* счетчик объявлений пользователя увеличился на 1
* счетчик объявлений ИП во всех разделах увеличился на 1
* счетчик количества размещенных объявлений в ЛК ИП увеличился на 1
* в ЛК ИП объявление с названием "6-комн.  квартира,  Интернациональная ул,  10, 6/6, площадь:  общая 600 кв. м., приватизированная" присутствует в списке
Когда я открываю детали этого объявления
* счетчик количества активных объявлений продавца увеличился на 1

Message:
]]>
    <![CDATA[Ошибка на шаге 3:
Произошла ошибка при сохранении Вы ввели некорректный URL (RuntimeError)
./features/step_definitions/add_advert_steps.rb:45:in `block (2 levels) in <top (required)>'
./features/step_definitions/add_advert_steps.rb:38:in `/^я\ перехожу\ на\ шаг\ 3$/'
features/new_advert/real_estate/moscow/advert_with_video.feature:29:in `* я перехожу на шаг 3']]>
  </failure>
  <system-out/>
  <system-err/>
</testcase>
<testcase classname="Подача объявления с видео - Недвижимость -&gt; Вторичный рынок (Москва)" name="Проверка деталей поданного объявления" time="4.820896">
  <failure message="failed Проверка деталей поданного объявления" type="failed">
    <![CDATA[Сценарий: Проверка деталей поданного объявления

Когда открыта страница для города "Москва"
Когда я вхожу под пользователем с ролью "Доверенный интернет-партнер"
* я перехожу в список моих объявлений
То в ЛК ИП объявление с названием "6-комн.  квартира,  Интернациональная ул,  10, 6/6, площадь:  общая 600 кв. м., приватизированная" присутствует в списке
* у объявления указан город "Москва"
* у объявления указана цена "600000" в долларах
Когда я открываю детали этого объявления
* в деталях объявления отображается загруженное видео
Когда на странице объявления я открываю вкладку "На карте"
То на странице объявления открыта карта

Message:
]]>
    <![CDATA[Объявление с заголовком '6-комн.  квартира,  Интернациональная ул,  10, 6/6, площадь:  общая 600 кв. м., приватизированная' не найдено (RuntimeError)
./lib/pages/my_adverts/my_adverts_page.rb:37:in `has_ad_with_title'
./lib/pages/my_adverts/my_adverts_page.rb:75:in `get_url_for_ad'
./features/step_definitions/my_adverts_steps.rb:13:in `block (2 levels) in <top (required)>'
./features/step_definitions/my_adverts_steps.rb:12:in `/^в ЛК (ИП|ОП) объявление с названием "(.*)" присутствует в списке$/'
features/new_advert/real_estate/moscow/advert_with_video.feature:45:in `То в ЛК ИП объявление с названием "6-комн.  квартира,  Интернациональная ул,  10, 6/6, площадь:  общая 600 кв. м., приватизированная" присутствует в списке']]>
  </failure>
  <system-out/>
  <system-err/>
</testcase>
<testcase classname="Подача объявления с видео - Недвижимость -&gt; Вторичный рынок (Москва)" name="Проверка индексации" time="11.922535">
  <failure message="failed Проверка индексации" type="failed">
    <![CDATA[Сценарий: Проверка индексации

Когда открыта страница для города "Москва"
Когда на главной странице я перехожу в категорию "Недвижимость -> Квартиры. Аренда"
* я делаю поиск по следующим параметрам:
* на странице поиска загружен список результатов для недвижимости
* в списке обычных объявлений присутствует объявление "6 комн, 600 м2, этаж 6/6"

Message:
]]>
    <![CDATA[undefined method `size' for nil:NilClass (NoMethodError)
./lib/pages/search_results_for_real_estate_page.rb:21:in `search_results'
./features/step_definitions/search_results_steps.rb:13:in `block (2 levels) in <top (required)>'
./features/step_definitions/search_results_steps.rb:11:in `/^на\ странице\ поиска\ загружен\ список\ результатов\ для\ недвижимости$/'
features/new_advert/real_estate/moscow/advert_with_video.feature:60:in `* на странице поиска загружен список результатов для недвижимости']]>
  </failure>
  <system-out/>
  <system-err/>
</testcase>
  <system-out>
    <![CDATA[Не найден счетчик для категории Квартиры. Аренда
DEBUG: Вставляем видео http://www.youtube.com/watch?v=3VLcLH97eRw
]]>
  </system-out>
  <system-err>
    <![CDATA[]]>
  </system-err>
</testsuite>
