<?xml version="1.0" encoding="UTF-8"?>
<testsuite errors="0" failures="0" name="Логин" skipped="0" tests="1" time="38.695797">
<testcase classname="Логин" name="Логин обычного пользователя" time="38.695797">
  <system-out/>
  <system-err/>
</testcase>
  <system-out>
    <![CDATA[]]>
  </system-out>
  <system-err>
    <![CDATA[]]>
  </system-err>
</testsuite>
