<?xml version="1.0" encoding="UTF-8"?>
<testsuite errors="0" failures="0" name="Выделение объявления - Авто и мото -&gt; Легковые автомобили -&gt; Автомобили с пробегом" skipped="0" tests="3" time="210.746340">
<testcase classname="Выделение объявления - Авто и мото -&gt; Легковые автомобили -&gt; Автомобили с пробегом" name="Выделение объявления" time="104.740936">
  <system-out/>
  <system-err/>
</testcase>
<testcase classname="Выделение объявления - Авто и мото -&gt; Легковые автомобили -&gt; Автомобили с пробегом" name="Проверка деталей поданного объявления" time="94.048304">
  <system-out/>
  <system-err/>
</testcase>
<testcase classname="Выделение объявления - Авто и мото -&gt; Легковые автомобили -&gt; Автомобили с пробегом" name="Проверка индексации" time="11.957100">
  <system-out/>
  <system-err/>
</testcase>
  <system-out>
    <![CDATA[]]>
  </system-out>
  <system-err>
    <![CDATA[]]>
  </system-err>
</testsuite>
