<?xml version="1.0" encoding="UTF-8"?>
<testsuite errors="0" failures="0" name="Редактирование объявлений - Авто и мото -&gt; Легковые автомобили -&gt; Автомобили с пробегом" skipped="0" tests="3" time="193.817447">
<testcase classname="Редактирование объявлений - Авто и мото -&gt; Легковые автомобили -&gt; Автомобили с пробегом" name="Подача объявления" time="160.758084">
  <system-out/>
  <system-err/>
</testcase>
<testcase classname="Редактирование объявлений - Авто и мото -&gt; Легковые автомобили -&gt; Автомобили с пробегом" name="Проверка деталей поданного объявления" time="23.107234">
  <system-out/>
  <system-err/>
</testcase>
<testcase classname="Редактирование объявлений - Авто и мото -&gt; Легковые автомобили -&gt; Автомобили с пробегом" name="Проверка индексации" time="9.952129">
  <system-out/>
  <system-err/>
</testcase>
  <system-out>
    <![CDATA[]]>
  </system-out>
  <system-err>
    <![CDATA[]]>
  </system-err>
</testsuite>
