<?xml version="1.0" encoding="UTF-8"?>
<testsuite errors="0" failures="0" name="Подача премиума через БО - Авто и мото -&gt; Легковые автомобили -&gt; Автомобили с пробегом" skipped="0" tests="3" time="809.243043">
<testcase classname="Подача премиума через БО - Авто и мото -&gt; Легковые автомобили -&gt; Автомобили с пробегом" name="Подача премиума через БО" time="588.378630">
  <system-out/>
  <system-err/>
</testcase>
<testcase classname="Подача премиума через БО - Авто и мото -&gt; Легковые автомобили -&gt; Автомобили с пробегом" name="Проверка деталей поданного объявления" time="207.970259">
  <system-out/>
  <system-err/>
</testcase>
<testcase classname="Подача премиума через БО - Авто и мото -&gt; Легковые автомобили -&gt; Автомобили с пробегом" name="Проверка индексации" time="12.894154">
  <system-out/>
  <system-err/>
</testcase>
  <system-out>
    <![CDATA[]]>
  </system-out>
  <system-err>
    <![CDATA[]]>
  </system-err>
</testsuite>
