<?xml version="1.0" encoding="UTF-8"?>
<testsuite errors="0" failures="1" name="Создание премиума через БО - Недвижимость -&gt; Вторичный рынок (Москва)" skipped="0" tests="1" time="231.136601">
<testcase classname="Создание премиума через БО - Недвижимость -&gt; Вторичный рынок (Москва)" name="Создание премиума через БО" time="231.136601">
  <failure message="failed Создание премиума через БО" type="failed">
    <![CDATA[Сценарий: Создание премиума через БО

Когда открыта страница для города "Москва"
Когда я вхожу под пользователем с ролью "Доверенный интернет-партнер"
* я перехожу в список моих объявлений
То в ЛК ИП я запоминаю значение счетчика для категории "Недвижимость -> Квартиры. Продажа -> Вторичный рынок"
* я запоминаю количество объявлений пользователя
* я запоминаю количество активных объявлений ИП
Когда я перехожу на БО
* на БО я перехожу в категорию "Объявления -> Создать премиум"
* на странице дерева объявлений в БО я выбираю категорию "Недвижимость -> Квартиры. Продажа -> Вторичный рынок -> Квартиры продажа"
* при создании объявления я ввожу следующие данные:
* при создании объявления я указываю владельца пользователя с ролью "Доверенный интернет-партнер"
* при создании премиума я выбираю "на 14 дней"
* я сохраняю введенное объявление
То на БО показано диалоговое окно "Запись добавлена"
* я закрываю диалоговое окно
Когда открыта страница для региона "Москва"
* я перехожу в список моих объявлений
* в ЛК ИП я выбираю пакет "NEW Недвижимость | ВСЕ РЕГИОНЫ"
* в ЛК ИП объявление с названием "Тест создания премиума" присутствует в списке
* в ЛК ИП счетчик для категории "Недвижимость -> Квартиры. Продажа -> Вторичный рынок" увеличился на 1
* счетчик объявлений пользователя увеличился на 1
* счетчик объявлений ИП во всех разделах увеличился на 1
* счетчик количества размещенных объявлений в ЛК ИП увеличился на 1
* в ЛК ИП объявление с названием "Тест создания премиума" присутствует в списке
Когда я открываю детали этого объявления
* счетчик количества активных объявлений продавца увеличился на 1

Message:
]]>
    <![CDATA[unable to locate element, using {:id=>"psellers", :tag_name=>"table"} (Watir::Exception::UnknownObjectException)
./lib/pages/my_adverts/my_adverts_page.rb:36:in `find'
./lib/pages/my_adverts/my_adverts_page.rb:36:in `has_ad_with_title'
./lib/pages/my_adverts/my_adverts_page.rb:75:in `get_url_for_ad'
./features/step_definitions/my_adverts_steps.rb:13:in `block (2 levels) in <top (required)>'
./features/step_definitions/my_adverts_steps.rb:12:in `/^в ЛК (ИП|ОП) объявление с названием "(.*)" присутствует в списке$/'
features/new_advert/real_estate/moscow/advert_premium_via_BO.feature:57:in `* в ЛК ИП объявление с названием "Тест создания премиума" присутствует в списке']]>
  </failure>
  <system-out/>
  <system-err/>
</testcase>
  <system-out>
    <![CDATA[Переключатель пакетов отсутствует
]]>
  </system-out>
  <system-err>
    <![CDATA[]]>
  </system-err>
</testsuite>
