<?xml version="1.0" encoding="UTF-8"?>
<testsuite errors="0" failures="1" name="Авто и мото -&gt; Мототехника и автодома -&gt; Мотоциклы и мопеды" skipped="0" tests="1" time="133.005790">
<testcase classname="Авто и мото -&gt; Мототехника и автодома -&gt; Мотоциклы и мопеды" name="Объявление 1" time="133.005790">
  <failure message="failed Объявление 1" type="failed">
    <![CDATA[Сценарий: Объявление 1

Когда открыта страница для региона "Усть-Алтан"
* я вхожу под пользователем с ролью "Доверенный интернет-партнер"
* я перехожу к подаче объявления
* я подаю объявление в категорию "Авто и мото -> Мототехника и автодома -> Мотоциклы и мопеды"
Когда я ввожу следующие данные на шаге 2:
* я загружаю фото на шаге 2
* я перехожу на шаг 3
То в ЛК ИП открыт список объявлений пользователя

Message:
]]>
    <![CDATA[Ошибка установки параметра Тип предложения = 'продам':
too many connection resets (due to Timeout::Error - Timeout::Error) after 0 requests on 21884060, last used 1357379271.0249598 seconds ago (RuntimeError)
./lib/pages/add_adverts/add_advert_step_2_page.rb:187:in `rescue in set_parameter'
./lib/pages/add_adverts/add_advert_step_2_page.rb:137:in `set_parameter'
./features/step_definitions/add_advert_steps.rb:64:in `block (3 levels) in <top (required)>'
./features/step_definitions/add_advert_steps.rb:63:in `each'
./features/step_definitions/add_advert_steps.rb:63:in `block (2 levels) in <top (required)>'
./features/step_definitions/add_advert_steps.rb:62:in `/^я\ ввожу\ следующие\ данные\ на\ шаге\ 2:$/'
features/ads_for_search/auto/misc/moto.feature:12:in `Когда я ввожу следующие данные на шаге 2:']]>
  </failure>
  <system-out/>
  <system-err/>
</testcase>
  <system-out>
    <![CDATA[]]>
  </system-out>
  <system-err>
    <![CDATA[]]>
  </system-err>
</testsuite>
