<?xml version="1.0" encoding="UTF-8"?>
<testsuite errors="0" failures="0" name="Подача объявлений неавторизированным пользователем - Авто и мото -&gt; Легковые автомобили -&gt; Автомобили с пробегом" skipped="0" tests="3" time="537.901217">
<testcase classname="Подача объявлений неавторизированным пользователем - Авто и мото -&gt; Легковые автомобили -&gt; Автомобили с пробегом" name="Подача объявления неавторизированным пользователем" time="186.276150">
  <system-out/>
  <system-err/>
</testcase>
<testcase classname="Подача объявлений неавторизированным пользователем - Авто и мото -&gt; Легковые автомобили -&gt; Автомобили с пробегом" name="Проверка деталей поданного объявления" time="304.682485">
  <system-out/>
  <system-err/>
</testcase>
<testcase classname="Подача объявлений неавторизированным пользователем - Авто и мото -&gt; Легковые автомобили -&gt; Автомобили с пробегом" name="Проверка индексации" time="46.942582">
  <system-out/>
  <system-err/>
</testcase>
  <system-out>
    <![CDATA[]]>
  </system-out>
  <system-err>
    <![CDATA[]]>
  </system-err>
</testsuite>
