<?xml version="1.0" encoding="UTF-8"?>
<testsuite errors="0" failures="2" name="Недвижимость -&gt; Квартиры. Аренда" skipped="0" tests="2" time="59.742297">
<testcase classname="Недвижимость -&gt; Квартиры. Аренда" name="Объявление 1 - Москва" time="37.066890">
  <failure message="failed Объявление 1 - Москва" type="failed">
    <![CDATA[Сценарий: Объявление 1 - Москва

Когда открыта страница для города "Москва"
* я вхожу под пользователем с ролью "Доверенный интернет-партнер"
* я подаю объявление в категорию "Недвижимость -> Квартиры. Аренда" с параметрами:
* я ввожу следующие данные на шаге 2 в секции "Подробнее о квартире":
* я ввожу следующие данные на шаге 2 в секции "Подробнее о здании":
* я загружаю фото на шаге 2
* я загружаю видео на шаге 2
* я перехожу на шаг 3
То в ЛК ИП открыт список объявлений пользователя

Message:
]]>
    <![CDATA[Ошибка на шаге 3:
Произошла ошибка при сохранении Вы ввели некорректный URL (RuntimeError)
./features/step_definitions/add_advert_steps.rb:45:in `block (2 levels) in <top (required)>'
./features/step_definitions/add_advert_steps.rb:38:in `/^я\ перехожу\ на\ шаг\ 3$/'
features/ads_for_search/real_estate/rent.feature:39:in `* я перехожу на шаг 3']]>
  </failure>
  <system-out/>
  <system-err/>
</testcase>
<testcase classname="Недвижимость -&gt; Квартиры. Аренда" name="Объявление 2 - Московская область" time="22.675408">
  <failure message="failed Объявление 2 - Московская область" type="failed">
    <![CDATA[Сценарий: Объявление 2 - Московская область

Когда открыта страница для региона "Россия"
* я вхожу под пользователем с ролью "Доверенный интернет-партнер"
* я подаю объявление в категорию "Недвижимость -> Квартиры. Аренда" с параметрами:
* я загружаю видео на шаге 2
* я перехожу на шаг 3
То в ЛК ИП открыт список объявлений пользователя

Message:
]]>
    <![CDATA[Ошибка на шаге 3:
Произошла ошибка при сохранении Вы ввели некорректный URL (RuntimeError)
./features/step_definitions/add_advert_steps.rb:45:in `block (2 levels) in <top (required)>'
./features/step_definitions/add_advert_steps.rb:38:in `/^я\ перехожу\ на\ шаг\ 3$/'
features/ads_for_search/real_estate/rent.feature:61:in `* я перехожу на шаг 3']]>
  </failure>
  <system-out/>
  <system-err/>
</testcase>
  <system-out>
    <![CDATA[DEBUG: Вставляем видео http://vimeo.com/13212659
DEBUG: Вставляем видео http://vimeo.com/13212659
]]>
  </system-out>
  <system-err>
    <![CDATA[]]>
  </system-err>
</testsuite>
