<?xml version="1.0" encoding="UTF-8"?>
<testsuite errors="0" failures="1" name="Авто и мото -&gt; Легковые автомобили -&gt; Автомобили с пробегом" skipped="0" tests="1" time="19.740671">
<testcase classname="Авто и мото -&gt; Легковые автомобили -&gt; Автомобили с пробегом" name="Объявление 2" time="19.740671">
  <failure message="failed Объявление 2" type="failed">
    <![CDATA[Сценарий: Объявление 2

Когда открыта страница для региона "Усть-Алтан"
* я вхожу под пользователем с ролью "Доверенный интернет-партнер"
* я перехожу к подаче объявления
Когда я подаю объявление в категорию "Авто и мото -> Легковые автомобили -> Автомобили с пробегом"
* я ввожу следующие данные на шаге 2:
* я загружаю видео на шаге 2
* я перехожу на шаг 3
То в ЛК ИП открыт список объявлений пользователя

Message:
]]>
    <![CDATA[Ошибка на шаге 3:
Произошла ошибка при сохранении Вы ввели некорректный URL (RuntimeError)
./features/step_definitions/add_advert_steps.rb:45:in `block (2 levels) in <top (required)>'
./features/step_definitions/add_advert_steps.rb:38:in `/^я\ перехожу\ на\ шаг\ 3$/'
features/ads_for_search/auto/passenger/used.feature:53:in `* я перехожу на шаг 3']]>
  </failure>
  <system-out/>
  <system-err/>
</testcase>
  <system-out>
    <![CDATA[DEBUG: Вставляем видео http://www.youtube.com/watch?v=3VLcLH97eRw
]]>
  </system-out>
  <system-err>
    <![CDATA[]]>
  </system-err>
</testsuite>
