<?xml version="1.0" encoding="UTF-8"?>
<testsuite errors="0" failures="3" name="Редактирование объявлений - Недвижимость -&gt; Вторичный рынок (Москва)" skipped="0" tests="3" time="113.907781">
<testcase classname="Редактирование объявлений - Недвижимость -&gt; Вторичный рынок (Москва)" name="Редактирование объявления" time="82.310672">
  <failure message="failed Редактирование объявления" type="failed">
    <![CDATA[Сценарий: Редактирование объявления

Когда открыта страница для города "Москва"
* я вхожу под пользователем с ролью "Доверенный интернет-партнер"
Когда я вхожу под пользователем с ролью "Доверенный интернет-партнер"
* я перехожу в список моих объявлений
То в ЛК ИП я запоминаю значение счетчика для категории "Недвижимость -> Квартиры. Продажа -> Вторичный рынок"
* я запоминаю количество объявлений пользователя
* я запоминаю количество активных объявлений ИП
Когда я подаю объявление в категорию "Недвижимость -> Квартиры. Продажа -> Вторичный рынок" с параметрами:
* я перехожу на шаг 3
То в ЛК ИП открыт список объявлений пользователя
* в ЛК ИП объявление с названием "1-комн. квартира, Интернациональная улица, 10, 4/8 общая 100 кв. м., приватизированная" присутствует в списке
* в ЛК ИП счетчик для категории "Авто и мото -> Легковые автомобили -> Автомобили с пробегом" увеличился на 1
* счетчик объявлений пользователя увеличился на 1
* счетчик объявлений ИП во всех разделах увеличился на 1
* счетчик количества размещенных объявлений в ЛК ИП увеличился на 1
* я запоминаю количество объявлений пользователя
* я запоминаю количество активных объявлений ИП
* в ЛК ИП я запоминаю значение счетчика для категории "Авто и мото -> Легковые автомобили -> Автомобили с пробегом"
* в ЛК ИП объявление с названием "1-комн. квартира, Интернациональная улица, 10, 4/8 общая 100 кв. м., приватизированная" присутствует в списке
Когда я редактирую данное объявление
* я ввожу следующие данные на шаге 2:
* я сохраняю редактируемое объявление
То в ЛК ИП открыт список объявлений пользователя
* в ЛК ИП счетчик для категории "Недвижимость -> Квартиры. Продажа -> Вторичный рынок" не изменился
* в ЛК ИП объявление с названием "2-комн.  квартира,  Интернациональная ул,  10, 2/10, площадь:  общая 200 кв. м., приватизированная" присутствует в списке
* счетчик объявлений пользователя не изменился
* счетчик объявлений ИП во всех разделах не изменился
* счетчик количества размещенных объявлений в ЛК ИП не изменился
* в ЛК ИП объявление с названием "2-комн.  квартира,  Интернациональная ул,  10, 2/10, площадь:  общая 200 кв. м., приватизированная" присутствует в списке
Когда я открываю детали этого объявления
* счетчик количества активных объявлений продавца не изменился

Message:
]]>
    <![CDATA[Ошибка установки параметра Комнат в квартире: = '2':
unable to locate element, using {:text=>/Комнат в квартире:/, :class=>"b-form-LK_control-label", :tag_name=>"label"} (RuntimeError)
./lib/pages/add_adverts/add_advert_step_2_page.rb:156:in `rescue in set_parameter'
./lib/pages/add_adverts/add_advert_step_2_page.rb:116:in `set_parameter'
./features/step_definitions/add_advert_steps.rb:64:in `block (3 levels) in <top (required)>'
./features/step_definitions/add_advert_steps.rb:63:in `each'
./features/step_definitions/add_advert_steps.rb:63:in `block (2 levels) in <top (required)>'
./features/step_definitions/add_advert_steps.rb:62:in `/^я\ ввожу\ следующие\ данные\ на\ шаге\ 2:$/'
features/new_advert/real_estate/moscow/advert_edit.feature:45:in `* я ввожу следующие данные на шаге 2:']]>
  </failure>
  <system-out/>
  <system-err/>
</testcase>
<testcase classname="Редактирование объявлений - Недвижимость -&gt; Вторичный рынок (Москва)" name="Проверка деталей поданного объявления" time="14.173805">
  <failure message="failed Проверка деталей поданного объявления" type="failed">
    <![CDATA[Сценарий: Проверка деталей поданного объявления

Когда открыта страница для города "Москва"
* я вхожу под пользователем с ролью "Доверенный интернет-партнер"
Когда я вхожу под пользователем с ролью "Доверенный интернет-партнер"
* я перехожу в список моих объявлений
То в ЛК ИП объявление с названием "2-комн.  квартира,  Интернациональная ул,  10, 2/10, площадь:  общая 200 кв. м., приватизированная" присутствует в списке
* у объявления указан город "Москва"
* у объявления указана цена "200000" в долларах
Когда я открываю детали этого объявления
То на вкладке "Все" "Комнат в квартире" равно "2"
* на вкладке "Все" "Общая площадь" равно "200 кв.м"
* на вкладке "Все" "Этаж" равно "2"
* на вкладке "Все" "Этажей в здании" равно "10"

Message:
]]>
    <![CDATA[Объявление с заголовком '2-комн.  квартира,  Интернациональная ул,  10, 2/10, площадь:  общая 200 кв. м., приватизированная' не найдено (RuntimeError)
./lib/pages/my_adverts/my_adverts_page.rb:37:in `has_ad_with_title'
./lib/pages/my_adverts/my_adverts_page.rb:75:in `get_url_for_ad'
./features/step_definitions/my_adverts_steps.rb:13:in `block (2 levels) in <top (required)>'
./features/step_definitions/my_adverts_steps.rb:12:in `/^в ЛК (ИП|ОП) объявление с названием "(.*)" присутствует в списке$/'
features/new_advert/real_estate/moscow/advert_edit.feature:67:in `То в ЛК ИП объявление с названием "2-комн.  квартира,  Интернациональная ул,  10, 2/10, площадь:  общая 200 кв. м., приватизированная" присутствует в списке']]>
  </failure>
  <system-out/>
  <system-err/>
</testcase>
<testcase classname="Редактирование объявлений - Недвижимость -&gt; Вторичный рынок (Москва)" name="Проверка индексации" time="17.423304">
  <failure message="failed Проверка индексации" type="failed">
    <![CDATA[Сценарий: Проверка индексации

Когда открыта страница для города "Москва"
* я вхожу под пользователем с ролью "Доверенный интернет-партнер"
Когда на главной странице я перехожу в категорию "Недвижимость -> Квартиры. Продажа -> Вторичный рынок"
* я делаю поиск по следующим параметрам:
* на странице поиска загружен список результатов для недвижимости
* в списке обычных объявлений присутствует объявление "2 комн, 200 м2, этаж 2/10"

Message:
]]>
    <![CDATA[Объявление '2 комн, 200 м2, этаж 2/10' отсутствует в листинге (RSpec::Expectations::ExpectationNotMetError)
./features/step_definitions/search_results_steps.rb:360:in `block (2 levels) in <top (required)>'
./features/step_definitions/search_results_steps.rb:358:in `/^в\ списке\ обычных\ объявлений\ присутствует\ объявление\ "(.*)"$/'
features/new_advert/real_estate/moscow/advert_edit.feature:84:in `* в списке обычных объявлений присутствует объявление "2 комн, 200 м2, этаж 2/10"']]>
  </failure>
  <system-out/>
  <system-err/>
</testcase>
  <system-out>
    <![CDATA[Не найден счетчик для категории Авто и мото
Не найден счетчик для категории Легковые автомобили
Не найден счетчик для категории Автомобили с пробегом
]]>
  </system-out>
  <system-err>
    <![CDATA[]]>
  </system-err>
</testsuite>
